<?xml version="1.0" encoding="UTF-8"?>
<!-- Generated by org.testng.reporters.JUnitXMLReporter -->
<testsuite ignored="0" hostname="DESKTOP-EG3JDB2" failures="0" tests="1" name="Default test" time="0.227" errors="0" timestamp="2023-10-14T18:11:54 IST">
  <testcase classname="TestNG.VerifySearchButtonOfMainPage" name="@BeforeTest launchBrowser" time="-1.697287314639E9">
    <failure type="org.testng.TestNGException" message="
Parameter &amp;apos;browser&amp;apos; is required by BeforeTest on method launchBrowser but has not been marked @Optional or defined
in C:\Users\HP\AppData\Local\Temp\testng-eclipse--569947660\testng-customsuite.xml">
      <![CDATA[org.testng.TestNGException: 
Parameter 'browser' is required by BeforeTest on method launchBrowser but has not been marked @Optional or defined
in C:\Users\HP\AppData\Local\Temp\testng-eclipse--569947660\testng-customsuite.xml
at org.testng.internal.Parameters.createParams(Parameters.java:267)
at org.testng.internal.Parameters.createParametersForMethod(Parameters.java:355)
at org.testng.internal.Parameters.createParameters(Parameters.java:684)
at org.testng.internal.Parameters.createConfigurationParameters(Parameters.java:166)
at org.testng.internal.invokers.ConfigInvoker.invokeConfigurations(ConfigInvoker.java:306)
at org.testng.TestRunner.invokeTestConfigurations(TestRunner.java:663)
at org.testng.TestRunner.beforeRun(TestRunner.java:652)
at org.testng.TestRunner.run(TestRunner.java:614)
at org.testng.SuiteRunner.runTest(SuiteRunner.java:443)
at org.testng.SuiteRunner.runSequentially(SuiteRunner.java:437)
at org.testng.SuiteRunner.privateRun(SuiteRunner.java:397)
at org.testng.SuiteRunner.run(SuiteRunner.java:336)
at org.testng.SuiteRunnerWorker.runSuite(SuiteRunnerWorker.java:52)
at org.testng.SuiteRunnerWorker.run(SuiteRunnerWorker.java:95)
at org.testng.TestNG.runSuitesSequentially(TestNG.java:1280)
at org.testng.TestNG.runSuitesLocally(TestNG.java:1200)
at org.testng.TestNG.runSuites(TestNG.java:1114)
at org.testng.TestNG.run(TestNG.java:1082)
at org.testng.remote.AbstractRemoteTestNG.run(AbstractRemoteTestNG.java:115)
at org.testng.remote.RemoteTestNG.initAndRun(RemoteTestNG.java:251)
at org.testng.remote.RemoteTestNG.main(RemoteTestNG.java:77)
]]>
    </failure>
  </testcase> <!-- @BeforeTest launchBrowser -->
  <testcase classname="TestNG.VerifySearchButtonOfMainPage" name="@BeforeClass createObjects" time="0.0">
    <skipped/>
  </testcase> <!-- @BeforeClass createObjects -->
  <testcase classname="TestNG.VerifySearchButtonOfMainPage" name="@BeforeMethod goOnSearchButton" time="0.0">
    <skipped/>
  </testcase> <!-- @BeforeMethod goOnSearchButton -->
  <testcase classname="TestNG.VerifySearchButtonOfMainPage" name="@AfterMethod takeScreenshotOffailedTest" time="0.0">
    <skipped/>
  </testcase> <!-- @AfterMethod takeScreenshotOffailedTest -->
  <testcase classname="TestNG.VerifySearchButtonOfMainPage" name="@AfterClass removeObjects" time="0.0">
    <skipped/>
  </testcase> <!-- @AfterClass removeObjects -->
  <testcase classname="TestNG.VerifySearchButtonOfMainPage" name="@AfterTest closeTheBrowser" time="0.0">
    <skipped/>
  </testcase> <!-- @AfterTest closeTheBrowser -->
  <testcase classname="TestNG.VerifySearchButtonOfMainPage" name="verifySearchButton" time="0.0">
    <skipped/>
  </testcase> <!-- verifySearchButton -->
</testsuite> <!-- Default test -->
